Build started 18.05.2013 20:08:40.
     1>Project "C:\Users\ionutvmi\Desktop\MYCLOUD\Cross over source\cross_over\cross_over.vcxproj" on node 2 (build target(s)).
     1>PrepareForBuild:
         Creating directory "C:\Users\ionutvmi\Desktop\MYCLOUD\Cross over source\Debug\".
       InitializeBuildStatus:
         Creating "Debug\cross_over.unsuccessfulbuild" because "AlwaysCreate" was specified.
       ClCompile:
         C:\Program Files (x86)\Microsoft Visual Studio 10.0\VC\bin\CL.exe /c /ZI /nologo /W3 /WX- /Od /Oy- /D _MBCS /Gm /EHsc /RTC1 /MDd /GS /fp:precise /Zc:wchar_t /Zc:forScope /Fo"Debug\\" /Fd"Debug\vc100.pdb" /Gd /TP /analyze- /errorReport:prompt main.cpp
         main.cpp
       ResourceCompile:
         C:\Program Files (x86)\Microsoft SDKs\Windows\v7.0A\bin\rc.exe /l"0x0409" /nologo /fo"Debug\cross_over.res" cross_over.rc 
       Link:
         C:\Program Files (x86)\Microsoft Visual Studio 10.0\VC\bin\link.exe /ERRORREPORT:PROMPT /OUT:"C:\Users\ionutvmi\Desktop\MYCLOUD\Cross over source\Debug\cross_over.exe" /NOLOGO kernel32.lib user32.lib gdi32.lib winspool.lib comdlg32.lib advapi32.lib shell32.lib ole32.lib oleaut32.lib uuid.lib odbc32.lib odbccp32.lib /MANIFEST /ManifestFile:"Debug\cross_over.exe.intermediate.manifest" /MANIFESTUAC:"level='asInvoker' uiAccess='false'" /DEBUG /PDB:"C:\Users\ionutvmi\Desktop\MYCLOUD\Cross over source\Debug\cross_over.pdb" /TLBID:1 /DYNAMICBASE /NXCOMPAT /IMPLIB:"C:\Users\ionutvmi\Desktop\MYCLOUD\Cross over source\Debug\cross_over.lib" /MACHINE:X86 Debug\cross_over.res
         Debug\main.obj
         cross_over.vcxproj -> C:\Users\ionutvmi\Desktop\MYCLOUD\Cross over source\Debug\cross_over.exe
       Manifest:
         C:\Program Files (x86)\Microsoft SDKs\Windows\v7.0A\bin\mt.exe /nologo /verbose /outputresource:"C:\Users\ionutvmi\Desktop\MYCLOUD\Cross over source\Debug\cross_over.exe;#1" /manifest Debug\cross_over.exe.intermediate.manifest
       FinalizeBuildStatus:
         Deleting file "Debug\cross_over.unsuccessfulbuild".
         Touching "Debug\cross_over.lastbuildstate".
     1>Done Building Project "C:\Users\ionutvmi\Desktop\MYCLOUD\Cross over source\cross_over\cross_over.vcxproj" (build target(s)).

Build succeeded.

Time Elapsed 00:00:02.84
